<?xml version="1.0" encoding="UTF-8"?>
<!-- Generated by org.testng.reporters.JUnitXMLReporter -->
<testsuite ignored="0" hostname="manish-Latitude-3460" failures="0" tests="2" name="Default test" time="0.098" errors="0" timestamp="18 Dec 2019 08:36:29 GMT">
  <testcase classname="com.nmc.generic.BaseClass" name="@BeforeClass setUp" time="0.0">
    <failure type="org.testng.TestNGException" message="
Parameter &amp;apos;browser&amp;apos; is required by BeforeClass on method setUp but has not been marked @Optional or defined
in /tmp/testng-eclipse-1936362314/testng-customsuite.xml">
      <![CDATA[org.testng.TestNGException: 
Parameter 'browser' is required by BeforeClass on method setUp but has not been marked @Optional or defined
in /tmp/testng-eclipse-1936362314/testng-customsuite.xml
at org.testng.internal.Parameters.createParams(Parameters.java:290)
at org.testng.internal.Parameters.createParametersForMethod(Parameters.java:359)
at org.testng.internal.Parameters.createParameters(Parameters.java:620)
at org.testng.internal.Parameters.createConfigurationParameters(Parameters.java:190)
at org.testng.internal.Invoker.invokeConfigurations(Invoker.java:209)
at org.testng.internal.Invoker.invokeConfigurations(Invoker.java:142)
at org.testng.internal.TestMethodWorker.invokeBeforeClassMethods(TestMethodWorker.java:168)
at org.testng.internal.TestMethodWorker.run(TestMethodWorker.java:105)
at org.testng.TestRunner.privateRun(TestRunner.java:648)
at org.testng.TestRunner.run(TestRunner.java:505)
at org.testng.SuiteRunner.runTest(SuiteRunner.java:455)
at org.testng.SuiteRunner.runSequentially(SuiteRunner.java:450)
at org.testng.SuiteRunner.privateRun(SuiteRunner.java:415)
at org.testng.SuiteRunner.run(SuiteRunner.java:364)
at org.testng.SuiteRunnerWorker.runSuite(SuiteRunnerWorker.java:52)
at org.testng.SuiteRunnerWorker.run(SuiteRunnerWorker.java:84)
at org.testng.TestNG.runSuitesSequentially(TestNG.java:1208)
at org.testng.TestNG.runSuitesLocally(TestNG.java:1137)
at org.testng.TestNG.runSuites(TestNG.java:1049)
at org.testng.TestNG.run(TestNG.java:1017)
at org.testng.remote.AbstractRemoteTestNG.run(AbstractRemoteTestNG.java:115)
at org.testng.remote.RemoteTestNG.initAndRun(RemoteTestNG.java:251)
at org.testng.remote.RemoteTestNG.main(RemoteTestNG.java:77)
]]>
    </failure>
  </testcase> <!-- @BeforeClass setUp -->
  <testcase classname="com.nmc.testcases.two_seven.SampleTestCase" name="@BeforeMethod before_method" time="0.0">
    <skipped/>
  </testcase> <!-- @BeforeMethod before_method -->
  <testcase classname="com.nmc.testcases.two_seven.SampleTestCase" name="@AfterMethod after_method" time="0.0">
    <skipped/>
  </testcase> <!-- @AfterMethod after_method -->
  <testcase classname="com.nmc.testcases.two_seven.SampleTestCase" name="@BeforeMethod before_method" time="0.0">
    <skipped/>
  </testcase> <!-- @BeforeMethod before_method -->
  <testcase classname="com.nmc.testcases.two_seven.SampleTestCase" name="@AfterMethod after_method" time="0.0">
    <skipped/>
  </testcase> <!-- @AfterMethod after_method -->
  <testcase classname="com.nmc.testcases.two_seven.SampleTestCase" name="test_1" time="0.0">
    <skipped/>
  </testcase> <!-- test_1 -->
  <testcase classname="com.nmc.testcases.two_seven.SampleTestCase" name="test_2" time="0.0">
    <skipped/>
  </testcase> <!-- test_2 -->
</testsuite> <!-- Default test -->
