<?xml version="1.0" encoding="UTF-8"?>
<!-- Generated by org.testng.reporters.JUnitXMLReporter -->
<testsuite ignored="0" hostname="manish-Latitude-3460" failures="0" tests="2" name="Registration Test" time="0.918" errors="0" timestamp="18 Dec 2019 13:57:46 GMT">
  <testcase classname="com.nmc.generics.BaseClass" name="@BeforeClass setUp" time="0.124">
    <failure type="java.lang.IllegalStateException" message="The driver executable does not exist: /home/manish/Desktop/ReportFromRepository/Instanmc.Automation/./drivers/chromedriver">
      <![CDATA[java.lang.IllegalStateException: The driver executable does not exist: /home/manish/Desktop/ReportFromRepository/Instanmc.Automation/./drivers/chromedriver
at com.google.common.base.Preconditions.checkState(Preconditions.java:585)
at org.openqa.selenium.remote.service.DriverService.checkExecutable(DriverService.java:146)
at org.openqa.selenium.remote.service.DriverService.findExecutable(DriverService.java:141)
at org.openqa.selenium.chrome.ChromeDriverService.access$000(ChromeDriverService.java:35)
at org.openqa.selenium.chrome.ChromeDriverService$Builder.findDefaultExecutable(ChromeDriverService.java:159)
at org.openqa.selenium.remote.service.DriverService$Builder.build(DriverService.java:355)
at org.openqa.selenium.chrome.ChromeDriverService.createDefaultService(ChromeDriverService.java:94)
at org.openqa.selenium.chrome.ChromeDriver.<init>(ChromeDriver.java:123)
at com.nmc.generics.BaseClass.setUp(BaseClass.java:43)
... Removed 26 stack frames]]>
    </failure>
  </testcase> <!-- @BeforeClass setUp -->
  <testcase classname="com.nmc.testcases.two_seven.SampleTestCase" name="@BeforeMethod before_method" time="0.0">
    <skipped/>
  </testcase> <!-- @BeforeMethod before_method -->
  <testcase classname="com.nmc.testcases.two_seven.SampleTestCase" name="@AfterMethod after_method" time="0.0">
    <skipped/>
  </testcase> <!-- @AfterMethod after_method -->
  <testcase classname="com.nmc.testcases.two_seven.SampleTestCase" name="@BeforeMethod before_method" time="0.0">
    <skipped/>
  </testcase> <!-- @BeforeMethod before_method -->
  <testcase classname="com.nmc.testcases.two_seven.SampleTestCase" name="@AfterMethod after_method" time="0.0">
    <skipped/>
  </testcase> <!-- @AfterMethod after_method -->
  <testcase classname="com.nmc.testcases.two_seven.SampleTestCase" name="test_1" time="0.0">
    <skipped/>
  </testcase> <!-- test_1 -->
  <testcase classname="com.nmc.testcases.two_seven.SampleTestCase" name="test_2" time="0.0">
    <skipped/>
  </testcase> <!-- test_2 -->
</testsuite> <!-- Registration Test -->
